# Logfile created on 2016-10-26 14:18:50 +0900 by logger.rb/54362
I [2016-10-26 14:18:50.616] [[32mConnectionManager[0m] Connection opened: #<Connection::c9df63ea7c50daf608c7>
I [2016-10-26 14:18:56.685] [[32mDispatcher[0m] Started Event: send_message
I [2016-10-26 14:18:56.685] [[32mDispatcher[0m] [36mName:[0m send_message
I [2016-10-26 14:18:56.685] [[32mDispatcher[0m] [36mConnection:[0m #<Connection::c9df63ea7c50daf608c7>
I [2016-10-26 14:18:56.685] [[32mDispatcher[0m] Event send_message Finished in 0.000537468 seconds
I [2016-10-26 14:18:58.180] [[32mDispatcher[0m] Started Event: send_message
I [2016-10-26 14:18:58.180] [[32mDispatcher[0m] [36mName:[0m send_message
I [2016-10-26 14:18:58.180] [[32mDispatcher[0m] [36mConnection:[0m #<Connection::c9df63ea7c50daf608c7>
I [2016-10-26 14:18:58.181] [[32mDispatcher[0m] Event send_message Finished in 0.000933014 seconds
I [2016-10-26 14:18:59.377] [[32mDispatcher[0m] Started Event: send_message
I [2016-10-26 14:18:59.377] [[32mDispatcher[0m] [36mName:[0m send_message
I [2016-10-26 14:18:59.377] [[32mDispatcher[0m] [36mConnection:[0m #<Connection::c9df63ea7c50daf608c7>
I [2016-10-26 14:18:59.378] [[32mDispatcher[0m] Event send_message Finished in 0.000947931 seconds
I [2016-10-26 14:21:48.564] [[32mConnectionManager[0m] Connection closed: #<Connection::c9df63ea7c50daf608c7>
I [2016-10-26 14:24:45.755] [[32mConnectionManager[0m] Connection opened: #<Connection::cf07dabed2f20414e135>
I [2016-10-26 14:24:49.245] [[32mDispatcher[0m] Started Event: send_message
I [2016-10-26 14:24:49.246] [[32mDispatcher[0m] [36mName:[0m send_message
I [2016-10-26 14:24:49.246] [[32mDispatcher[0m] [36mData:[0m {"msg"=>"aaa"}
I [2016-10-26 14:24:49.247] [[32mDispatcher[0m] [36mConnection:[0m #<Connection::cf07dabed2f20414e135>
I [2016-10-26 14:24:49.253] [[32mDispatcher[0m] Event send_message Finished in 0.000510207 seconds
I [2016-10-26 14:24:50.808] [[32mDispatcher[0m] Started Event: send_message
I [2016-10-26 14:24:50.808] [[32mDispatcher[0m] [36mName:[0m send_message
I [2016-10-26 14:24:50.808] [[32mDispatcher[0m] [36mData:[0m {"msg"=>"aaa"}
I [2016-10-26 14:24:50.808] [[32mDispatcher[0m] [36mConnection:[0m #<Connection::cf07dabed2f20414e135>
I [2016-10-26 14:24:50.809] [[32mDispatcher[0m] Event send_message Finished in 0.000517848 seconds
I [2016-10-26 14:24:51.484] [[32mDispatcher[0m] Started Event: send_message
I [2016-10-26 14:24:51.485] [[32mDispatcher[0m] [36mName:[0m send_message
I [2016-10-26 14:24:51.485] [[32mDispatcher[0m] [36mData:[0m {"msg"=>"aaa"}
I [2016-10-26 14:24:51.485] [[32mDispatcher[0m] [36mConnection:[0m #<Connection::cf07dabed2f20414e135>
I [2016-10-26 14:24:51.485] [[32mDispatcher[0m] Event send_message Finished in 0.000426341 seconds
I [2016-10-26 14:26:01.644] [[32mConnectionManager[0m] Connection closed: #<Connection::cf07dabed2f20414e135>
